2025-06-04 14:50:04.031460 - Updating data for LOBI
    Appending to existing data in data/Q_Lobith_2023-.csv    Last available timestamp: 2025-05-25 00:00:00
    Fetching new data from https://waterwebservices.rijkswaterstaat.nl/ONLINEWAARNEMINGENSERVICES_DBO/OphalenWaarnemingen
    Returned: Success (status code: 200)
2025-06-04 14:50:07.874895 - Updating data for LOBI
    Appending to existing data in data/Q_Lobith_2023-.csv    Last available timestamp: 2025-06-03 00:00:00
    Fetching new data from https://waterwebservices.rijkswaterstaat.nl/ONLINEWAARNEMINGENSERVICES_DBO/OphalenWaarnemingen
    Returned: Success (status code: 200)
2025-06-04 15:14:35.871648 - Updating data for LOBI
    Appending to existing data in data/Q_Lobith_2023-.csv
    Last available timestamp: 2025-06-03 00:00:00
    Fetching new data from https://waterwebservices.rijkswaterstaat.nl/ONLINEWAARNEMINGENSERVICES_DBO/OphalenWaarnemingen
    Returned: Success (status code: 200)
    Fetched 223 new entries between 2025-06-03 01:00:00 and 2025-06-04 14:00:00
    including 0 missing values
2025-06-04 15:14:42.981593 - Updating data for LOBI
    Appending to existing data in data/Q_Lobith_2023-.csv
    Last available timestamp: 2025-06-03 00:00:00
    Fetching new data from https://waterwebservices.rijkswaterstaat.nl/ONLINEWAARNEMINGENSERVICES_DBO/OphalenWaarnemingen
    Returned: Success (status code: 200)
    Fetched 223 new entries between 2025-06-03 01:00:00 and 2025-06-04 14:00:00
    including 0 missing values
2025-06-04 15:14:46.081417 - Updating data for LOBI
    Appending to existing data in data/Q_Lobith_2023-.csv
    Last available timestamp: 2025-06-03 00:00:00
    Fetching new data from https://waterwebservices.rijkswaterstaat.nl/ONLINEWAARNEMINGENSERVICES_DBO/OphalenWaarnemingen
    Returned: Success (status code: 200)
    Fetched 223 new entries between 2025-06-03 01:00:00 and 2025-06-04 14:00:00
    including 0 missing values
2025-11-20 15:59:27.300435 - Updating data for LOBI
    Appending to existing data in data/Q_Lobith_2023-.csv
    Last available timestamp: 2025-06-03 00:00:00
    Fetching new data from https://waterwebservices.rijkswaterstaat.nl/ONLINEWAARNEMINGENSERVICES_DBO/OphalenWaarnemingen
    Returned: Success (status code: 200)
    Fetched 14192 new entries between 2025-06-03 01:00:00 and 2025-09-09 14:10:00
    including 10 missing values
2025-11-20 16:08:24.210611 - Updating data for LOBI
    Appending to existing data in data/Q_Lobith_2023-.csv
    Last available timestamp: 2025-09-08 00:00:00
    Fetching new data from https://waterwebservices.rijkswaterstaat.nl/ONLINEWAARNEMINGENSERVICES_DBO/OphalenWaarnemingen
    Returned: Success (status code: 200)
    Fetched 224 new entries between 2025-09-08 01:00:00 and 2025-09-09 14:10:00
    including 0 missing values
2025-11-22 15:25:42.950044 - Updating data for LOBI
    Appending to existing data in data/Q_Lobith_2023-.csv
    Last available timestamp: 2025-09-08 00:00:00
    Fetching new data from https://waterwebservices.rijkswaterstaat.nl/ONLINEWAARNEMINGENSERVICES_DBO/OphalenWaarnemingen
    Returned: Success (status code: 200)
    Fetched 224 new entries between 2025-09-08 01:00:00 and 2025-09-09 14:10:00
    including 0 missing values
2025-11-24 07:41:17.336034 - Updating data for LOBI
    Appending to existing data in data/Q_Lobith_2023-.csv
    Last available timestamp: 2025-09-08 00:00:00
    Fetching new data from https://waterwebservices.rijkswaterstaat.nl/ONLINEWAARNEMINGENSERVICES_DBO/OphalenWaarnemingen
    Returned: Success (status code: 200)
    Fetched 224 new entries between 2025-09-08 01:00:00 and 2025-09-09 14:10:00
    including 0 missing values
2025-11-24 08:29:32.140592 - Updating data for LOBI
    Appending to existing data in data/Q_Lobith_2023-.csv
    Last available timestamp: 2025-09-08 00:00:00
    Fetching new data from https://waterwebservices.rijkswaterstaat.nl/ONLINEWAARNEMINGENSERVICES_DBO/OphalenWaarnemingen
    Returned: Success (status code: 200)
    Fetched 10911 new entries between 2025-09-09 13:50:00 and 2025-11-24 08:10:00
    including 4 missing values
2026-03-04 23:18:47.083473 - Updating data for lobith.bovenrijn.tolkamer
    Appending to existing data in data/Q_Lobith_2023-.csv
    Last available timestamp: 2025-11-23 00:00:00
2026-03-04 23:21:16.453420 - Updating data for lobith.bovenrijn.tolkamer
    Appending to existing data in data/Q_Lobith_2023-.csv
    Last available timestamp: 2025-11-23 00:00:00
2026-03-04 23:23:33.081248 - Updating data for lobith.bovenrijn.tolkamer
    Appending to existing data in data/Q_Lobith_2023-.csv
    Last available timestamp: 2025-11-23 00:00:00
2026-03-04 23:24:15.862795 - Updating data for lobith.bovenrijn.tolkamer
    Appending to existing data in data/Q_Lobith_2023-.csv
    Last available timestamp: 2025-11-23 00:00:00
    Fetching new data from https://ddapi20-waterwebservices.rijkswaterstaat.nl/ONLINEWAARNEMINGENSERVICES/OphalenWaarnemingen
    Returned: Request failed (status code: 204)
2026-03-04 23:24:17.066474 - Updating data for maastricht.borgharen.maas.beneden
    Appending to existing data in data/Q_Lobith_2023-.csv
    Last available timestamp: 2025-11-23 00:00:00
2026-03-04 23:26:04.080665 - Updating data for lobith.bovenrijn.tolkamer
    Appending to existing data in data/Q_Lobith_2023-.csv
    Last available timestamp: 2025-11-23 00:00:00
    Fetching new data from https://ddapi20-waterwebservices.rijkswaterstaat.nl/ONLINEWAARNEMINGENSERVICES/OphalenWaarnemingen
    Returned: Request failed (status code: 204)
2026-03-04 23:26:04.213307 - Updating data for maastricht.borgharen.maas.beneden
    Appending to existing data in data/Q_Lobith_2023-.csv
    Last available timestamp: 2025-11-23 00:00:00
    Fetching new data from https://ddapi20-waterwebservices.rijkswaterstaat.nl/ONLINEWAARNEMINGENSERVICES/OphalenWaarnemingen
    Returned: Success (status code: 200)
    Fetched 14589 new entries between 2025-11-23 00:00:00 and 2026-03-04 23:10:00
    including 0 missing values
