2025-06-04 14:50:04.810598 - Updating data for SINT
    Appending to existing data in data/Q_StPieter_2025-.csv    Last available timestamp: 2025-05-25 00:00:00
    Fetching new data from https://waterwebservices.rijkswaterstaat.nl/ONLINEWAARNEMINGENSERVICES_DBO/OphalenWaarnemingen
    Returned: Success (status code: 200)
2025-06-04 14:50:08.315444 - Updating data for SINT
    Appending to existing data in data/Q_StPieter_2025-.csv    Last available timestamp: 2025-06-03 00:00:00
    Fetching new data from https://waterwebservices.rijkswaterstaat.nl/ONLINEWAARNEMINGENSERVICES_DBO/OphalenWaarnemingen
    Returned: Success (status code: 200)
2025-06-04 15:14:36.488372 - Updating data for SINT
    Appending to existing data in data/Q_StPieter_2025-.csv
    Last available timestamp: 2025-06-03 00:00:00
    Fetching new data from https://waterwebservices.rijkswaterstaat.nl/ONLINEWAARNEMINGENSERVICES_DBO/OphalenWaarnemingen
    Returned: Success (status code: 200)
    Fetched 223 new entries between 2025-06-03 01:00:00 and 2025-06-04 14:00:00
    including 0 missing values
2025-06-04 15:14:43.517575 - Updating data for SINT
    Appending to existing data in data/Q_StPieter_2025-.csv
    Last available timestamp: 2025-06-03 00:00:00
    Fetching new data from https://waterwebservices.rijkswaterstaat.nl/ONLINEWAARNEMINGENSERVICES_DBO/OphalenWaarnemingen
    Returned: Success (status code: 200)
    Fetched 223 new entries between 2025-06-03 01:00:00 and 2025-06-04 14:00:00
    including 0 missing values
2025-06-04 15:14:46.602531 - Updating data for SINT
    Appending to existing data in data/Q_StPieter_2025-.csv
    Last available timestamp: 2025-06-03 00:00:00
    Fetching new data from https://waterwebservices.rijkswaterstaat.nl/ONLINEWAARNEMINGENSERVICES_DBO/OphalenWaarnemingen
    Returned: Success (status code: 200)
    Fetched 223 new entries between 2025-06-03 01:00:00 and 2025-06-04 14:00:00
    including 0 missing values
