2025-06-04 14:50:05.323201 - Updating data for SINT
    Replace existing data in data/Q_StPieter_verwacht.csv
    Fetching new data from https://waterwebservices.rijkswaterstaat.nl/ONLINEWAARNEMINGENSERVICES_DBO/OphalenWaarnemingen
    Returned: Success (status code: 200)
2025-06-04 14:50:08.516866 - Updating data for SINT
    Replace existing data in data/Q_StPieter_verwacht.csv
    Fetching new data from https://waterwebservices.rijkswaterstaat.nl/ONLINEWAARNEMINGENSERVICES_DBO/OphalenWaarnemingen
    Returned: Success (status code: 200)
2025-06-04 15:14:36.732893 - Updating data for SINT
    Replace existing data in data/Q_StPieter_verwacht.csv
    Fetching new data from https://waterwebservices.rijkswaterstaat.nl/ONLINEWAARNEMINGENSERVICES_DBO/OphalenWaarnemingen
    Returned: Success (status code: 200)
    Fetched 289 new entries between 2025-06-04 12:00:00 and 2025-06-06 12:00:00
    including 0 missing values
2025-06-04 15:14:43.719229 - Updating data for SINT
    Replace existing data in data/Q_StPieter_verwacht.csv
    Fetching new data from https://waterwebservices.rijkswaterstaat.nl/ONLINEWAARNEMINGENSERVICES_DBO/OphalenWaarnemingen
    Returned: Success (status code: 200)
    Fetched 289 new entries between 2025-06-04 12:00:00 and 2025-06-06 12:00:00
    including 0 missing values
2025-06-04 15:14:46.876673 - Updating data for SINT
    Replace existing data in data/Q_StPieter_verwacht.csv
    Fetching new data from https://waterwebservices.rijkswaterstaat.nl/ONLINEWAARNEMINGENSERVICES_DBO/OphalenWaarnemingen
    Returned: Success (status code: 200)
    Fetched 289 new entries between 2025-06-04 12:00:00 and 2025-06-06 12:00:00
    including 0 missing values
2025-06-04 15:16:36.934084 - Updating data for SINT
    Replace existing data in data/Q_StPieter_verwacht.csv
    Fetching new data from https://waterwebservices.rijkswaterstaat.nl/ONLINEWAARNEMINGENSERVICES_DBO/OphalenWaarnemingen
    Returned: Success (status code: 200)
    Fetched 289 new entries between 2025-06-04 12:00:00 and 2025-06-06 12:00:00
    including 0 missing values
2025-06-04 15:19:45.417802 - Updating data for SINT
    Replace existing data in data/Q_StPieter_verwacht.csv
    Fetching new data from https://waterwebservices.rijkswaterstaat.nl/ONLINEWAARNEMINGENSERVICES_DBO/OphalenWaarnemingen
    Returned: Success (status code: 200)
    Fetched 289 new entries between 2025-06-04 12:00:00 and 2025-06-06 12:00:00
    including 0 missing values
